<?xml version="1.0" encoding="UTF-8"?>
<coverage generated="1786160705862" clover="3.2.0">
  <project timestamp="1786160705862" name="All files">
    <metrics statements="174" coveredstatements="163" conditionals="89" coveredconditionals="82" methods="88" coveredmethods="76" elements="351" coveredelements="321" complexity="0" loc="174" ncloc="174" packages="7" files="24" classes="24"/>
    <package name="src">
      <metrics statements="0" coveredstatements="0" conditionals="0" coveredconditionals="0" methods="0" coveredmethods="0"/>
      <file name="types.ts" path="C:\repo\dev\tmtl\src\types.ts">
        <metrics statements="0" coveredstatements="0" conditionals="0" coveredconditionals="0" methods="0" coveredmethods="0"/>
      </file>
    </package>
    <package name="src.components">
      <metrics statements="40" coveredstatements="39" conditionals="34" coveredconditionals="30" methods="28" coveredmethods="24"/>
      <file name="ConfirmDeleteDialog.tsx" path="C:\repo\dev\tmtl\src\components\ConfirmDeleteDialog.tsx">
        <metrics statements="1" coveredstatements="1" conditionals="2" coveredconditionals="2" methods="1" coveredmethods="1"/>
        <line num="17" count="11" type="stmt"/>
      </file>
      <file name="LabeledInput.tsx" path="C:\repo\dev\tmtl\src\components\LabeledInput.tsx">
        <metrics statements="2" coveredstatements="2" conditionals="6" coveredconditionals="5" methods="1" coveredmethods="1"/>
        <line num="5" count="1" type="stmt"/>
        <line num="13" count="400" type="stmt"/>
      </file>
      <file name="LoadStatusBanner.tsx" path="C:\repo\dev\tmtl\src\components\LoadStatusBanner.tsx">
        <metrics statements="6" coveredstatements="6" conditionals="4" coveredconditionals="4" methods="1" coveredmethods="1"/>
        <line num="13" count="2" type="stmt"/>
        <line num="26" count="9" type="cond" truecount="2" falsecount="0"/>
        <line num="27" count="5" type="stmt"/>
        <line num="29" count="4" type="cond" truecount="2" falsecount="0"/>
        <line num="30" count="2" type="stmt"/>
        <line num="36" count="2" type="stmt"/>
      </file>
      <file name="PaymentInfoSection.tsx" path="C:\repo\dev\tmtl\src\components\PaymentInfoSection.tsx">
        <metrics statements="5" coveredstatements="5" conditionals="1" coveredconditionals="0" methods="5" coveredmethods="5"/>
        <line num="19" count="40" type="stmt"/>
        <line num="27" count="3" type="stmt"/>
        <line num="36" count="3" type="stmt"/>
        <line num="44" count="3" type="stmt"/>
        <line num="53" count="3" type="stmt"/>
      </file>
      <file name="ShippingInfoSection.tsx" path="C:\repo\dev\tmtl\src\components\ShippingInfoSection.tsx">
        <metrics statements="4" coveredstatements="4" conditionals="1" coveredconditionals="0" methods="4" coveredmethods="4"/>
        <line num="18" count="40" type="stmt"/>
        <line num="26" count="3" type="stmt"/>
        <line num="33" count="3" type="stmt"/>
        <line num="42" count="3" type="stmt"/>
      </file>
      <file name="StatusBadge.tsx" path="C:\repo\dev\tmtl\src\components\StatusBadge.tsx">
        <metrics statements="3" coveredstatements="3" conditionals="4" coveredconditionals="4" methods="1" coveredmethods="1"/>
        <line num="5" count="2" type="cond" truecount="2" falsecount="0"/>
        <line num="6" count="2" type="cond" truecount="2" falsecount="0"/>
        <line num="8" count="2" type="stmt"/>
      </file>
      <file name="TaskCard.tsx" path="C:\repo\dev\tmtl\src\components\TaskCard.tsx">
        <metrics statements="4" coveredstatements="3" conditionals="7" coveredconditionals="7" methods="4" coveredmethods="2"/>
        <line num="12" count="15" type="stmt"/>
        <line num="13" count="15" type="stmt"/>
        <line num="17" count="0" type="stmt"/>
        <line num="26" count="1" type="stmt"/>
      </file>
      <file name="TaskForm.tsx" path="C:\repo\dev\tmtl\src\components\TaskForm.tsx">
        <metrics statements="6" coveredstatements="6" conditionals="2" coveredconditionals="2" methods="2" coveredmethods="2"/>
        <line num="9" count="23" type="stmt"/>
        <line num="11" count="23" type="stmt"/>
        <line num="12" count="5" type="cond" truecount="2" falsecount="0"/>
        <line num="13" count="4" type="stmt"/>
        <line num="14" count="4" type="stmt"/>
        <line num="17" count="23" type="stmt"/>
      </file>
      <file name="TaskList.tsx" path="C:\repo\dev\tmtl\src\components\TaskList.tsx">
        <metrics statements="5" coveredstatements="5" conditionals="6" coveredconditionals="6" methods="5" coveredmethods="3"/>
        <line num="13" count="12" type="cond" truecount="2" falsecount="0"/>
        <line num="14" count="6" type="stmt"/>
        <line num="17" count="6" type="stmt"/>
        <line num="26" count="14" type="stmt"/>
        <line num="27" count="8" type="stmt"/>
      </file>
      <file name="UserInfoSection.tsx" path="C:\repo\dev\tmtl\src\components\UserInfoSection.tsx">
        <metrics statements="4" coveredstatements="4" conditionals="1" coveredconditionals="0" methods="4" coveredmethods="4"/>
        <line num="18" count="40" type="stmt"/>
        <line num="27" count="4" type="stmt"/>
        <line num="37" count="3" type="stmt"/>
        <line num="46" count="3" type="stmt"/>
      </file>
    </package>
    <package name="src.hooks">
      <metrics statements="60" coveredstatements="59" conditionals="12" coveredconditionals="11" methods="32" coveredmethods="30"/>
      <file name="useCounter.ts" path="C:\repo\dev\tmtl\src\hooks\useCounter.ts">
        <metrics statements="5" coveredstatements="5" conditionals="1" coveredconditionals="1" methods="6" coveredmethods="6"/>
        <line num="4" count="9" type="stmt"/>
        <line num="6" count="9" type="stmt"/>
        <line num="7" count="9" type="stmt"/>
        <line num="8" count="9" type="stmt"/>
        <line num="10" count="9" type="stmt"/>
      </file>
      <file name="useCreateTask.ts" path="C:\repo\dev\tmtl\src\hooks\useCreateTask.ts">
        <metrics statements="22" coveredstatements="22" conditionals="8" coveredconditionals="7" methods="15" coveredmethods="13"/>
        <line num="5" count="2" type="stmt"/>
        <line num="8" count="23" type="stmt"/>
        <line num="9" count="23" type="stmt"/>
        <line num="10" count="23" type="stmt"/>
        <line num="12" count="23" type="stmt"/>
        <line num="13" count="9" type="stmt"/>
        <line num="15" count="9" type="cond" truecount="2" falsecount="0"/>
        <line num="19" count="9" type="stmt"/>
        <line num="23" count="23" type="stmt"/>
        <line num="25" count="23" type="cond" truecount="2" falsecount="0"/>
        <line num="26" count="14" type="stmt"/>
        <line num="29" count="23" type="stmt"/>
        <line num="30" count="6" type="stmt"/>
        <line num="36" count="6" type="stmt"/>
        <line num="37" count="6" type="stmt"/>
        <line num="40" count="23" type="stmt"/>
        <line num="41" count="1" type="stmt"/>
        <line num="44" count="23" type="stmt"/>
        <line num="45" count="3" type="stmt"/>
        <line num="46" count="3" type="stmt"/>
        <line num="47" count="3" type="cond" truecount="3" falsecount="1"/>
        <line num="52" count="23" type="stmt"/>
      </file>
      <file name="useRemoteTasks.ts" path="C:\repo\dev\tmtl\src\hooks\useRemoteTasks.ts">
        <metrics statements="20" coveredstatements="19" conditionals="0" coveredconditionals="0" methods="5" coveredmethods="5"/>
        <line num="8" count="11" type="stmt"/>
        <line num="9" count="11" type="stmt"/>
        <line num="10" count="11" type="stmt"/>
        <line num="12" count="11" type="stmt"/>
        <line num="13" count="3" type="stmt"/>
        <line num="14" count="3" type="stmt"/>
        <line num="15" count="3" type="stmt"/>
        <line num="16" count="2" type="stmt"/>
        <line num="17" count="2" type="stmt"/>
        <line num="19" count="1" type="stmt"/>
        <line num="23" count="11" type="stmt"/>
        <line num="24" count="3" type="stmt"/>
        <line num="28" count="11" type="stmt"/>
        <line num="29" count="1" type="stmt"/>
        <line num="30" count="1" type="stmt"/>
        <line num="31" count="1" type="stmt"/>
        <line num="32" count="1" type="stmt"/>
        <line num="33" count="1" type="stmt"/>
        <line num="35" count="0" type="stmt"/>
        <line num="39" count="11" type="stmt"/>
      </file>
      <file name="useTaskList.ts" path="C:\repo\dev\tmtl\src\hooks\useTaskList.ts">
        <metrics statements="13" coveredstatements="13" conditionals="3" coveredconditionals="3" methods="6" coveredmethods="6"/>
        <line num="5" count="10" type="stmt"/>
        <line num="6" count="10" type="stmt"/>
        <line num="8" count="10" type="stmt"/>
        <line num="9" count="4" type="cond" truecount="2" falsecount="0"/>
        <line num="10" count="2" type="stmt"/>
        <line num="11" count="2" type="stmt"/>
        <line num="13" count="2" type="stmt"/>
        <line num="14" count="2" type="stmt"/>
        <line num="19" count="2" type="stmt"/>
        <line num="22" count="10" type="stmt"/>
        <line num="23" count="2" type="stmt"/>
        <line num="26" count="10" type="stmt"/>
        <line num="28" count="10" type="stmt"/>
      </file>
    </package>
    <package name="src.schemas">
      <metrics statements="10" coveredstatements="10" conditionals="2" coveredconditionals="2" methods="2" coveredmethods="2"/>
      <file name="checkoutSchema.ts" path="C:\repo\dev\tmtl\src\schemas\checkoutSchema.ts">
        <metrics statements="8" coveredstatements="8" conditionals="2" coveredconditionals="2" methods="2" coveredmethods="2"/>
        <line num="4" count="2" type="stmt"/>
        <line num="5" count="2" type="stmt"/>
        <line num="6" count="2" type="stmt"/>
        <line num="8" count="2" type="stmt"/>
        <line num="21" count="33" type="stmt"/>
        <line num="22" count="33" type="cond" truecount="2" falsecount="0"/>
        <line num="23" count="26" type="stmt"/>
        <line num="24" count="36" type="stmt"/>
      </file>
      <file name="taskSchema.ts" path="C:\repo\dev\tmtl\src\schemas\taskSchema.ts">
        <metrics statements="2" coveredstatements="2" conditionals="0" coveredconditionals="0" methods="0" coveredmethods="0"/>
        <line num="3" count="1" type="stmt"/>
        <line num="10" count="1" type="stmt"/>
      </file>
    </package>
    <package name="src.screens">
      <metrics statements="45" coveredstatements="36" conditionals="25" coveredconditionals="23" methods="21" coveredmethods="15"/>
      <file name="CheckoutScreen.tsx" path="C:\repo\dev\tmtl\src\screens\CheckoutScreen.tsx">
        <metrics statements="24" coveredstatements="23" conditionals="10" coveredconditionals="10" methods="12" coveredmethods="11"/>
        <line num="10" count="1" type="stmt"/>
        <line num="11" count="1" type="stmt"/>
        <line num="12" count="1" type="stmt"/>
        <line num="14" count="1" type="stmt"/>
        <line num="15" count="41" type="stmt"/>
        <line num="18" count="40" type="stmt"/>
        <line num="19" count="40" type="stmt"/>
        <line num="20" count="40" type="stmt"/>
        <line num="21" count="40" type="stmt"/>
        <line num="22" count="40" type="stmt"/>
        <line num="23" count="40" type="stmt"/>
        <line num="25" count="40" type="stmt"/>
        <line num="26" count="5" type="cond" truecount="2" falsecount="0"/>
        <line num="27" count="1" type="stmt"/>
        <line num="28" count="1" type="stmt"/>
        <line num="29" count="1" type="stmt"/>
        <line num="32" count="4" type="stmt"/>
        <line num="33" count="4" type="stmt"/>
        <line num="34" count="4" type="cond" truecount="2" falsecount="0"/>
        <line num="37" count="40" type="stmt"/>
        <line num="49" count="10" type="stmt"/>
        <line num="54" count="9" type="stmt"/>
        <line num="59" count="12" type="stmt"/>
        <line num="86" count="0" type="stmt"/>
      </file>
      <file name="CreateTaskScreen.tsx" path="C:\repo\dev\tmtl\src\screens\CreateTaskScreen.tsx">
        <metrics statements="14" coveredstatements="10" conditionals="8" coveredconditionals="6" methods="6" coveredmethods="3"/>
        <line num="10" count="1" type="stmt"/>
        <line num="17" count="5" type="stmt"/>
        <line num="18" count="5" type="stmt"/>
        <line num="19" count="5" type="stmt"/>
        <line num="20" count="5" type="stmt"/>
        <line num="22" count="5" type="stmt"/>
        <line num="23" count="5" type="stmt"/>
        <line num="25" count="5" type="stmt"/>
        <line num="39" count="15" type="stmt"/>
        <line num="40" count="15" type="stmt"/>
        <line num="43" count="0" type="stmt"/>
        <line num="59" count="0" type="stmt"/>
        <line num="61" count="0" type="cond" truecount="0" falsecount="2"/>
        <line num="62" count="0" type="stmt"/>
      </file>
      <file name="HomeScreen.tsx" path="C:\repo\dev\tmtl\src\screens\HomeScreen.tsx">
        <metrics statements="4" coveredstatements="0" conditionals="0" coveredconditionals="0" methods="2" coveredmethods="0"/>
        <line num="6" count="0" type="stmt"/>
        <line num="28" count="0" type="stmt"/>
        <line num="30" count="0" type="stmt"/>
        <line num="37" count="0" type="stmt"/>
      </file>
      <file name="RemoteTasksScreen.tsx" path="C:\repo\dev\tmtl\src\screens\RemoteTasksScreen.tsx">
        <metrics statements="3" coveredstatements="3" conditionals="7" coveredconditionals="7" methods="1" coveredmethods="1"/>
        <line num="10" count="11" type="stmt"/>
        <line num="11" count="11" type="stmt"/>
        <line num="13" count="11" type="stmt"/>
      </file>
    </package>
    <package name="src.services">
      <metrics statements="7" coveredstatements="7" conditionals="4" coveredconditionals="4" methods="2" coveredmethods="2"/>
      <file name="taskService.ts" path="C:\repo\dev\tmtl\src\services\taskService.ts">
        <metrics statements="7" coveredstatements="7" conditionals="4" coveredconditionals="4" methods="2" coveredmethods="2"/>
        <line num="3" count="2" type="stmt"/>
        <line num="6" count="5" type="stmt"/>
        <line num="7" count="5" type="cond" truecount="2" falsecount="0"/>
        <line num="8" count="3" type="stmt"/>
        <line num="12" count="4" type="stmt"/>
        <line num="17" count="4" type="cond" truecount="2" falsecount="0"/>
        <line num="18" count="3" type="stmt"/>
      </file>
    </package>
    <package name="src.utils">
      <metrics statements="12" coveredstatements="12" conditionals="12" coveredconditionals="12" methods="3" coveredmethods="3"/>
      <file name="filterTasks.ts" path="C:\repo\dev\tmtl\src\utils\filterTasks.ts">
        <metrics statements="5" coveredstatements="5" conditionals="4" coveredconditionals="4" methods="2" coveredmethods="2"/>
        <line num="5" count="2" type="stmt"/>
        <line num="8" count="9" type="cond" truecount="2" falsecount="0"/>
        <line num="9" count="1" type="stmt"/>
        <line num="11" count="8" type="cond" truecount="2" falsecount="0"/>
        <line num="12" count="8" type="stmt"/>
      </file>
      <file name="validateTask.ts" path="C:\repo\dev\tmtl\src\utils\validateTask.ts">
        <metrics statements="7" coveredstatements="7" conditionals="8" coveredconditionals="8" methods="1" coveredmethods="1"/>
        <line num="2" count="7" type="cond" truecount="4" falsecount="0"/>
        <line num="3" count="2" type="stmt"/>
        <line num="5" count="5" type="cond" truecount="2" falsecount="0"/>
        <line num="6" count="1" type="stmt"/>
        <line num="8" count="4" type="cond" truecount="2" falsecount="0"/>
        <line num="9" count="1" type="stmt"/>
        <line num="11" count="3" type="stmt"/>
      </file>
    </package>
  </project>
</coverage>
