TN:
SF:src/types.ts
FNF:0
FNH:0
LF:0
LH:0
BRF:0
BRH:0
end_of_record
TN:
SF:src/components/ConfirmDeleteDialog.tsx
FN:11,ConfirmDeleteDialog
FNF:1
FNH:1
FNDA:8,ConfirmDeleteDialog
DA:17,8
LF:1
LH:1
BRDA:23,0,0,4
BRDA:23,0,1,4
BRF:2
BRH:2
end_of_record
TN:
SF:src/components/LabeledInput.tsx
FN:12,LabeledInput
FNF:1
FNH:1
FNDA:400,LabeledInput
DA:5,1
DA:13,400
LF:2
LH:2
BRDA:18,0,0,400
BRDA:18,0,1,0
BRDA:20,1,0,8
BRDA:20,1,1,392
BRDA:24,2,0,400
BRDA:24,2,1,8
BRF:6
BRH:5
end_of_record
TN:
SF:src/components/PaymentInfoSection.tsx
FN:18,PaymentInfoSection
FN:27,(anonymous_1)
FN:36,(anonymous_2)
FN:44,(anonymous_3)
FN:53,(anonymous_4)
FNF:5
FNH:5
FNDA:40,PaymentInfoSection
FNDA:3,(anonymous_1)
FNDA:3,(anonymous_2)
FNDA:3,(anonymous_3)
FNDA:3,(anonymous_4)
DA:19,40
DA:27,3
DA:36,3
DA:44,3
DA:53,3
LF:5
LH:5
BRDA:18,0,0,0
BRF:1
BRH:0
end_of_record
TN:
SF:src/components/ShippingInfoSection.tsx
FN:17,ShippingInfoSection
FN:26,(anonymous_1)
FN:33,(anonymous_2)
FN:42,(anonymous_3)
FNF:4
FNH:4
FNDA:40,ShippingInfoSection
FNDA:3,(anonymous_1)
FNDA:3,(anonymous_2)
FNDA:3,(anonymous_3)
DA:18,40
DA:26,3
DA:33,3
DA:42,3
LF:4
LH:4
BRDA:17,0,0,0
BRF:1
BRH:0
end_of_record
TN:
SF:src/components/StatusBadge.tsx
FN:4,StatusBadge
FNF:1
FNH:1
FNDA:2,StatusBadge
DA:5,2
DA:6,2
DA:8,2
LF:3
LH:3
BRDA:5,0,0,1
BRDA:5,0,1,1
BRDA:6,1,0,1
BRDA:6,1,1,1
BRF:4
BRH:4
end_of_record
TN:
SF:src/components/TaskCard.tsx
FN:11,TaskCard
FN:11,(anonymous_1)
FN:17,(anonymous_2)
FN:26,(anonymous_3)
FNF:4
FNH:2
FNDA:12,TaskCard
FNDA:0,(anonymous_1)
FNDA:0,(anonymous_2)
FNDA:1,(anonymous_3)
DA:12,12
DA:13,12
DA:17,0
DA:26,1
LF:4
LH:3
BRDA:11,0,0,7
BRDA:19,1,0,2
BRDA:19,1,1,10
BRDA:21,2,0,2
BRDA:21,2,1,10
BRDA:22,3,0,2
BRDA:22,3,1,10
BRF:7
BRH:7
end_of_record
TN:
SF:src/components/TaskForm.tsx
FN:8,TaskForm
FN:11,(anonymous_1)
FNF:2
FNH:2
FNDA:10,TaskForm
FNDA:4,(anonymous_1)
DA:9,10
DA:11,10
DA:12,4
DA:13,3
DA:14,3
DA:17,10
LF:6
LH:6
BRDA:12,0,0,1
BRDA:12,0,1,3
BRF:2
BRH:2
end_of_record
TN:
SF:src/components/TaskList.tsx
FN:12,TaskList
FN:12,(anonymous_1)
FN:12,(anonymous_2)
FN:26,(anonymous_3)
FN:27,(anonymous_4)
FNF:5
FNH:3
FNDA:7,TaskList
FNDA:0,(anonymous_1)
FNDA:0,(anonymous_2)
FNDA:9,(anonymous_3)
FNDA:5,(anonymous_4)
DA:13,7
DA:14,3
DA:17,4
DA:26,9
DA:27,5
LF:5
LH:5
BRDA:12,0,0,3
BRDA:12,1,0,3
BRDA:13,2,0,3
BRDA:13,2,1,4
BRDA:20,3,0,3
BRDA:20,3,1,1
BRF:6
BRH:6
end_of_record
TN:
SF:src/components/UserInfoSection.tsx
FN:17,UserInfoSection
FN:27,(anonymous_1)
FN:37,(anonymous_2)
FN:46,(anonymous_3)
FNF:4
FNH:4
FNDA:40,UserInfoSection
FNDA:4,(anonymous_1)
FNDA:3,(anonymous_2)
FNDA:3,(anonymous_3)
DA:18,40
DA:27,4
DA:37,3
DA:46,3
LF:4
LH:4
BRDA:17,0,0,0
BRF:1
BRH:0
end_of_record
TN:
SF:src/hooks/useCounter.ts
FN:3,useCounter
FN:6,(anonymous_1)
FN:6,(anonymous_2)
FN:7,(anonymous_3)
FN:7,(anonymous_4)
FN:8,(anonymous_5)
FNF:6
FNH:6
FNDA:9,useCounter
FNDA:3,(anonymous_1)
FNDA:3,(anonymous_2)
FNDA:1,(anonymous_3)
FNDA:1,(anonymous_4)
FNDA:1,(anonymous_5)
DA:4,9
DA:6,9
DA:7,9
DA:8,9
DA:10,9
LF:5
LH:5
BRDA:3,0,0,3
BRF:1
BRH:1
end_of_record
TN:
SF:src/hooks/useCreateTask.ts
FN:5,useCreateTask
FN:9,(anonymous_1)
FN:16,(anonymous_2)
FN:20,(anonymous_3)
FN:21,(anonymous_4)
FN:21,(anonymous_5)
FN:24,(anonymous_6)
FN:25,(anonymous_7)
FN:26,(anonymous_8)
FNF:9
FNH:6
FNDA:13,useCreateTask
FNDA:5,(anonymous_1)
FNDA:5,(anonymous_2)
FNDA:0,(anonymous_3)
FNDA:0,(anonymous_4)
FNDA:0,(anonymous_5)
FNDA:2,(anonymous_6)
FNDA:2,(anonymous_7)
FNDA:2,(anonymous_8)
DA:6,13
DA:7,13
DA:9,13
DA:10,5
DA:16,5
DA:17,5
DA:20,13
DA:21,0
DA:24,13
DA:25,2
DA:26,2
DA:27,2
DA:32,13
LF:13
LH:12
BRDA:27,0,0,2
BRDA:27,0,1,0
BRDA:27,1,0,1
BRDA:27,1,1,1
BRF:4
BRH:3
end_of_record
TN:
SF:src/hooks/useTaskList.ts
FN:4,useTaskList
FN:8,(anonymous_1)
FN:19,(anonymous_2)
FN:22,(anonymous_3)
FN:23,(anonymous_4)
FN:23,(anonymous_5)
FNF:6
FNH:6
FNDA:10,useTaskList
FNDA:4,(anonymous_1)
FNDA:2,(anonymous_2)
FNDA:1,(anonymous_3)
FNDA:1,(anonymous_4)
FNDA:2,(anonymous_5)
DA:5,10
DA:6,10
DA:8,10
DA:9,4
DA:10,2
DA:11,2
DA:13,2
DA:14,2
DA:19,2
DA:22,10
DA:23,2
DA:26,10
DA:28,10
LF:13
LH:13
BRDA:4,0,0,8
BRDA:9,1,0,2
BRDA:9,1,1,2
BRF:3
BRH:3
end_of_record
TN:
SF:src/schemas/checkoutSchema.ts
FN:20,validateCheckout
FN:24,(anonymous_1)
FNF:2
FNH:2
FNDA:33,validateCheckout
FNDA:36,(anonymous_1)
DA:4,2
DA:5,2
DA:6,2
DA:8,2
DA:21,33
DA:22,33
DA:23,26
DA:24,36
LF:8
LH:8
BRDA:22,0,0,7
BRDA:22,0,1,26
BRF:2
BRH:2
end_of_record
TN:
SF:src/schemas/taskSchema.ts
FNF:0
FNH:0
DA:3,1
DA:10,1
LF:2
LH:2
BRF:0
BRH:0
end_of_record
TN:
SF:src/screens/CheckoutScreen.tsx
FN:14,(anonymous_0)
FN:15,(anonymous_1)
FN:15,(anonymous_2)
FN:17,CheckoutScreen
FN:25,(anonymous_4)
FN:49,(anonymous_5)
FN:49,(anonymous_6)
FN:54,(anonymous_7)
FN:54,(anonymous_8)
FN:59,(anonymous_9)
FN:59,(anonymous_10)
FN:86,(anonymous_11)
FNF:12
FNH:11
FNDA:5,(anonymous_0)
FNDA:13,(anonymous_1)
FNDA:41,(anonymous_2)
FNDA:40,CheckoutScreen
FNDA:5,(anonymous_4)
FNDA:10,(anonymous_5)
FNDA:10,(anonymous_6)
FNDA:9,(anonymous_7)
FNDA:9,(anonymous_8)
FNDA:12,(anonymous_9)
FNDA:12,(anonymous_10)
FNDA:0,(anonymous_11)
DA:10,1
DA:11,1
DA:12,1
DA:14,1
DA:15,41
DA:18,40
DA:19,40
DA:20,40
DA:21,40
DA:22,40
DA:23,40
DA:25,40
DA:26,5
DA:27,1
DA:28,1
DA:29,1
DA:32,4
DA:33,4
DA:34,4
DA:37,40
DA:49,10
DA:54,9
DA:59,12
DA:86,0
LF:24
LH:23
BRDA:26,0,0,1
BRDA:26,0,1,4
BRDA:34,1,0,2
BRDA:34,1,1,2
BRDA:62,2,0,40
BRDA:62,2,1,1
BRDA:67,3,0,40
BRDA:67,3,1,2
BRDA:83,4,0,40
BRDA:83,4,1,40
BRF:10
BRH:10
end_of_record
TN:
SF:src/screens/CreateTaskScreen.tsx
FN:16,CreateTaskScreen
FN:22,(anonymous_1)
FN:38,(anonymous_2)
FN:43,(anonymous_3)
FN:59,(anonymous_4)
FN:60,(anonymous_5)
FNF:6
FNH:3
FNDA:4,CreateTaskScreen
FNDA:2,(anonymous_1)
FNDA:12,(anonymous_2)
FNDA:0,(anonymous_3)
FNDA:0,(anonymous_4)
FNDA:0,(anonymous_5)
DA:10,1
DA:17,4
DA:18,4
DA:19,4
DA:20,4
DA:22,4
DA:23,4
DA:25,4
DA:39,12
DA:40,12
DA:43,0
DA:59,0
DA:61,0
DA:62,0
LF:14
LH:10
BRDA:32,0,0,4
BRDA:32,0,1,2
BRDA:46,1,0,4
BRDA:46,1,1,8
BRDA:48,2,0,4
BRDA:48,2,1,8
BRDA:61,3,0,0
BRDA:61,3,1,0
BRF:8
BRH:6
end_of_record
TN:
SF:src/screens/HomeScreen.tsx
FN:21,HomeScreen
FN:30,(anonymous_1)
FNF:2
FNH:0
FNDA:0,HomeScreen
FNDA:0,(anonymous_1)
DA:6,0
DA:22,0
DA:24,0
DA:31,0
LF:4
LH:0
BRF:0
BRH:0
end_of_record
TN:
SF:src/services/taskService.ts
FN:5,fetchTasks
FN:11,createTask
FNF:2
FNH:2
FNDA:2,fetchTasks
FNDA:3,createTask
DA:3,1
DA:6,2
DA:7,2
DA:8,1
DA:12,3
DA:17,3
DA:18,2
LF:7
LH:7
BRDA:7,0,0,1
BRDA:7,0,1,1
BRDA:17,1,0,1
BRDA:17,1,1,2
BRF:4
BRH:4
end_of_record
TN:
SF:src/utils/filterTasks.ts
FN:7,filterTasksByStatus
FN:12,(anonymous_1)
FNF:2
FNH:2
FNDA:8,filterTasksByStatus
FNDA:8,(anonymous_1)
DA:5,2
DA:8,8
DA:9,1
DA:11,7
DA:12,8
LF:5
LH:5
BRDA:8,0,0,1
BRDA:8,0,1,7
BRDA:11,1,0,5
BRDA:11,1,1,2
BRF:4
BRH:4
end_of_record
TN:
SF:src/utils/validateTask.ts
FN:1,validateTaskTitle
FNF:1
FNH:1
FNDA:7,validateTaskTitle
DA:2,7
DA:3,2
DA:5,5
DA:6,1
DA:8,4
DA:9,1
DA:11,3
LF:7
LH:7
BRDA:2,0,0,2
BRDA:2,0,1,5
BRDA:2,1,0,7
BRDA:2,1,1,6
BRDA:5,2,0,1
BRDA:5,2,1,4
BRDA:8,3,0,1
BRDA:8,3,1,3
BRF:8
BRH:8
end_of_record
